<?xml version="1.0" encoding="UTF-8"?>
<testsuite name="br.edu.infnet.leonardomuniz.domain.BibliotecaTests" tests="1" skipped="0" failures="0" errors="0" timestamp="2024-03-04T16:11:39" hostname="LEONARDO" time="1.128">
  <properties/>
  <testcase name="recuperarDados()" classname="br.edu.infnet.leonardomuniz.domain.BibliotecaTests" time="1.128"/>
  <system-out><![CDATA[13:11:37.743 [Test worker] INFO org.springframework.test.context.support.AnnotationConfigContextLoaderUtils -- Could not detect default configuration classes for test class [br.edu.infnet.leonardomuniz.domain.BibliotecaTests]: BibliotecaTests does not declare any static, non-private, non-final, nested classes annotated with @Configuration.
13:11:37.894 [Test worker] INFO org.springframework.boot.test.context.SpringBootTestContextBootstrapper -- Found @SpringBootConfiguration br.edu.infnet.leonardomuniz.LeonardomunizApplication for test class br.edu.infnet.leonardomuniz.domain.BibliotecaTests

  .   ____          _            __ _ _
 /\\ / ___'_ __ _ _(_)_ __  __ _ \ \ \ \
( ( )\___ | '_ | '_| | '_ \/ _` | \ \ \ \
 \\/  ___)| |_)| | | | | || (_| |  ) ) ) )
  '  |____| .__|_| |_|_| |_\__, | / / / /
 =========|_|==============|___/=/_/_/_/
 :: Spring Boot ::                (v3.2.3)

2024-03-04T13:11:38.438-03:00  INFO 8868 --- [    Test worker] b.e.i.l.domain.BibliotecaTests           : Starting BibliotecaTests using Java 21.0.2 with PID 8868 (started by Leonardo Muniz in C:\Users\Leonardo Muniz\Desktop\Project\leonardomuniz)
2024-03-04T13:11:38.440-03:00  INFO 8868 --- [    Test worker] b.e.i.l.domain.BibliotecaTests           : No active profile set, falling back to 1 default profile: "default"
2024-03-04T13:11:39.262-03:00  INFO 8868 --- [    Test worker] b.e.i.l.domain.BibliotecaTests           : Started BibliotecaTests in 1.135 seconds (process running for 2.967)
 [LOADER] Teste: Inicializando com msg
 [SUCESSO] Lista de bibliotecas adicionadas com sucesso!
 - [Nome da biblioteca: Biblioteca Britânica, Nome da biblioteca: Biblioteca Nacional da França, Nome da biblioteca: Biblioteca do Congresso dos Estados Unidos]
 [SUCESSO] Lista de livros adicionados com sucesso!
 - [Título do livro: O Senhor dos Anéis, Título do livro: Cem Anos de Solidão, Título do livro: Dom Quixote]
]]></system-out>
  <system-err><![CDATA[WARNING: A Java agent has been loaded dynamically (C:\Users\Leonardo Muniz\.gradle\caches\modules-2\files-2.1\net.bytebuddy\byte-buddy-agent\1.14.12\be4984cb6fd1ef1d11f218a648889dfda44b8a15\byte-buddy-agent-1.14.12.jar)
WARNING: If a serviceability tool is in use, please run with -XX:+EnableDynamicAgentLoading to hide this warning
WARNING: If a serviceability tool is not in use, please run with -Djdk.instrument.traceUsage for more information
WARNING: Dynamic loading of agents will be disallowed by default in a future release
]]></system-err>
</testsuite>
